<?xml version="1.0" encoding="UTF-8"?>
<!-- Generated by org.testng.reporters.JUnitXMLReporter -->
<testsuite ignored="0" hostname="Vigneshs-MacBook-Air-3.local" failures="0" tests="4" name="Test" time="33.383" errors="0" timestamp="2024-09-07T13:55:51 IST">
  <testcase classname="testCases.TC001_AccountRegistrationTest" name="verify_account_registration" time="2.895"/>
  <testcase classname="testCases.TC002_LoginTest" name="verify_login" time="1.477"/>
  <testcase classname="testCases.TC_004_SearchProductTest" name="verify_pruductSearch" time="0.754"/>
  <testcase classname="testCases.TC_005_AddToCartPageTest" name="verify_addToCart" time="1.975"/>
</testsuite> <!-- Test -->
