<?xml version="1.0" encoding="UTF-8"?>
<!-- Generated by org.testng.reporters.JUnitXMLReporter -->
<testsuite ignored="0" hostname="Pavan-Lenova" failures="0" tests="4" name="chrometest" time="11.79" errors="0" timestamp="2024-05-09T18:55:18 IST">
  <testcase classname="testCases.TC001_AccountRegistrationTest" name="verify_account_registration" time="3.158"/>
  <testcase classname="testCases.TC002_LoginTest" name="verify_login" time="0.842"/>
  <testcase classname="testCases.TC_004_SearchProductTest" name="verify_pruductSearch" time="0.344"/>
  <testcase classname="testCases.TC_005_AddToCartPageTest" name="verify_addToCart" time="0.843"/>
</testsuite> <!-- chrometest -->
