<?xml version="1.0" encoding="UTF-8"?>
<!-- Generated by org.testng.reporters.JUnitXMLReporter -->
<testsuite ignored="0" hostname="Pavan-Lenova" failures="0" tests="3" name="firefoxtest" time="30.423" errors="0" timestamp="2024-05-09T13:50:39 IST">
  <testcase classname="testCases.TC001_AccountRegistrationTest" name="verify_account_registration" time="3.082"/>
  <testcase classname="testCases.TC002_LoginTest" name="verify_login" time="0.888"/>
  <testcase classname="testCases.TC_004_SearchProductTest" name="verify_pruductSearch" time="0.453"/>
</testsuite> <!-- firefoxtest -->
