<?xml version="1.0" encoding="UTF-8"?>
<!-- Generated by org.testng.reporters.JUnitXMLReporter -->
<testsuite ignored="0" hostname="Pavan-Lenova" failures="0" tests="2" name="Linux-Firefox" time="73.592" errors="0" timestamp="2024-05-09T18:21:42 IST">
  <testcase classname="testCases.TC_004_SearchProductTest" name="verify_pruductSearch" time="0.0">
    <skipped/>
  </testcase> <!-- verify_pruductSearch -->
  <testcase classname="testCases.TC_005_AddToCartPageTest" name="verify_addToCart" time="0.0">
    <skipped/>
  </testcase> <!-- verify_addToCart -->
</testsuite> <!-- Linux-Firefox -->
