<?xml version="1.0" encoding="UTF-8"?>
<!-- Generated by org.testng.reporters.JUnitXMLReporter -->
<testsuite ignored="0" hostname="Pavan-Lenova" failures="0" tests="4" name="Windows-Chrome" time="13.029" errors="0" timestamp="2024-05-09T18:51:00 IST">
  <testcase classname="testCases.TC001_AccountRegistrationTest" name="verify_account_registration" time="3.277"/>
  <testcase classname="testCases.TC002_LoginTest" name="verify_login" time="0.645"/>
  <testcase classname="testCases.TC_004_SearchProductTest" name="verify_pruductSearch" time="0.426"/>
  <testcase classname="testCases.TC_005_AddToCartPageTest" name="verify_addToCart" time="0.766"/>
</testsuite> <!-- Windows-Chrome -->
